<?xml version="1.0" encoding="UTF-8"?>
<testsuite xmlns:xsi="http://www.w3.org/2001/XMLSchema-instance" xsi:noNamespaceSchemaLocation="https://maven.apache.org/surefire/maven-surefire-plugin/xsd/surefire-test-report.xsd" name="com.gev.admin.AdminApplicationTest" time="8.979" tests="4" errors="0" skipped="0" failures="2">
  <properties>
    <property name="java.specification.version" value="15"/>
    <property name="sun.jnu.encoding" value="UTF-8"/>
    <property name="java.class.path" value="/home/g3v/Documents/Enastic/Admin/target/test-classes:/home/g3v/Documents/Enastic/Admin/target/classes:/home/g3v/.m2/repository/org/springdoc/springdoc-openapi-ui/1.5.2/springdoc-openapi-ui-1.5.2.jar:/home/g3v/.m2/repository/org/springdoc/springdoc-openapi-webmvc-core/1.5.2/springdoc-openapi-webmvc-core-1.5.2.jar:/home/g3v/.m2/repository/org/springdoc/springdoc-openapi-common/1.5.2/springdoc-openapi-common-1.5.2.jar:/home/g3v/.m2/repository/io/swagger/core/v3/swagger-models/2.1.6/swagger-models-2.1.6.jar:/home/g3v/.m2/repository/io/swagger/core/v3/swagger-annotations/2.1.6/swagger-annotations-2.1.6.jar:/home/g3v/.m2/repository/io/swagger/core/v3/swagger-integration/2.1.6/swagger-integration-2.1.6.jar:/home/g3v/.m2/repository/io/swagger/core/v3/swagger-core/2.1.6/swagger-core-2.1.6.jar:/home/g3v/.m2/repository/com/fasterxml/jackson/dataformat/jackson-dataformat-yaml/2.12.5/jackson-dataformat-yaml-2.12.5.jar:/home/g3v/.m2/repository/io/github/classgraph/classgraph/4.8.69/classgraph-4.8.69.jar:/home/g3v/.m2/repository/org/apache/commons/commons-lang3/3.12.0/commons-lang3-3.12.0.jar:/home/g3v/.m2/repository/org/webjars/swagger-ui/3.38.0/swagger-ui-3.38.0.jar:/home/g3v/.m2/repository/org/webjars/webjars-locator-core/0.46/webjars-locator-core-0.46.jar:/home/g3v/.m2/repository/org/slf4j/slf4j-api/1.7.32/slf4j-api-1.7.32.jar:/home/g3v/.m2/repository/com/fasterxml/jackson/core/jackson-core/2.12.5/jackson-core-2.12.5.jar:/home/g3v/.m2/repository/org/springframework/boot/spring-boot-starter-data-jdbc/2.5.6/spring-boot-starter-data-jdbc-2.5.6.jar:/home/g3v/.m2/repository/org/springframework/boot/spring-boot-starter-jdbc/2.5.6/spring-boot-starter-jdbc-2.5.6.jar:/home/g3v/.m2/repository/com/zaxxer/HikariCP/4.0.3/HikariCP-4.0.3.jar:/home/g3v/.m2/repository/org/springframework/spring-jdbc/5.3.12/spring-jdbc-5.3.12.jar:/home/g3v/.m2/repository/org/springframework/data/spring-data-jdbc/2.2.6/spring-data-jdbc-2.2.6.jar:/home/g3v/.m2/repository/org/springframework/data/spring-data-relational/2.2.6/spring-data-relational-2.2.6.jar:/home/g3v/.m2/repository/org/springframework/data/spring-data-commons/2.5.6/spring-data-commons-2.5.6.jar:/home/g3v/.m2/repository/org/springframework/spring-tx/5.3.12/spring-tx-5.3.12.jar:/home/g3v/.m2/repository/org/springframework/spring-context/5.3.12/spring-context-5.3.12.jar:/home/g3v/.m2/repository/org/springframework/spring-beans/5.3.12/spring-beans-5.3.12.jar:/home/g3v/.m2/repository/org/springframework/boot/spring-boot-starter-data-jpa/2.5.6/spring-boot-starter-data-jpa-2.5.6.jar:/home/g3v/.m2/repository/org/springframework/boot/spring-boot-starter-aop/2.5.6/spring-boot-starter-aop-2.5.6.jar:/home/g3v/.m2/repository/org/springframework/spring-aop/5.3.12/spring-aop-5.3.12.jar:/home/g3v/.m2/repository/org/aspectj/aspectjweaver/1.9.7/aspectjweaver-1.9.7.jar:/home/g3v/.m2/repository/jakarta/transaction/jakarta.transaction-api/1.3.3/jakarta.transaction-api-1.3.3.jar:/home/g3v/.m2/repository/jakarta/persistence/jakarta.persistence-api/2.2.3/jakarta.persistence-api-2.2.3.jar:/home/g3v/.m2/repository/org/hibernate/hibernate-core/5.4.32.Final/hibernate-core-5.4.32.Final.jar:/home/g3v/.m2/repository/org/jboss/logging/jboss-logging/3.4.2.Final/jboss-logging-3.4.2.Final.jar:/home/g3v/.m2/repository/org/javassist/javassist/3.27.0-GA/javassist-3.27.0-GA.jar:/home/g3v/.m2/repository/net/bytebuddy/byte-buddy/1.10.22/byte-buddy-1.10.22.jar:/home/g3v/.m2/repository/antlr/antlr/2.7.7/antlr-2.7.7.jar:/home/g3v/.m2/repository/org/jboss/jandex/2.2.3.Final/jandex-2.2.3.Final.jar:/home/g3v/.m2/repository/com/fasterxml/classmate/1.5.1/classmate-1.5.1.jar:/home/g3v/.m2/repository/org/dom4j/dom4j/2.1.3/dom4j-2.1.3.jar:/home/g3v/.m2/repository/org/hibernate/common/hibernate-commons-annotations/5.1.2.Final/hibernate-commons-annotations-5.1.2.Final.jar:/home/g3v/.m2/repository/org/springframework/data/spring-data-jpa/2.5.6/spring-data-jpa-2.5.6.jar:/home/g3v/.m2/repository/org/springframework/spring-orm/5.3.12/spring-orm-5.3.12.jar:/home/g3v/.m2/repository/org/springframework/spring-aspects/5.3.12/spring-aspects-5.3.12.jar:/home/g3v/.m2/repository/org/springframework/boot/spring-boot-devtools/2.5.6/spring-boot-devtools-2.5.6.jar:/home/g3v/.m2/repository/org/springframework/boot/spring-boot/2.5.6/spring-boot-2.5.6.jar:/home/g3v/.m2/repository/org/springframework/boot/spring-boot-autoconfigure/2.5.6/spring-boot-autoconfigure-2.5.6.jar:/home/g3v/.m2/repository/mysql/mysql-connector-java/8.0.27/mysql-connector-java-8.0.27.jar:/home/g3v/.m2/repository/org/projectlombok/lombok/1.18.22/lombok-1.18.22.jar:/home/g3v/.m2/repository/org/springframework/boot/spring-boot-starter-test/2.5.6/spring-boot-starter-test-2.5.6.jar:/home/g3v/.m2/repository/org/springframework/boot/spring-boot-starter/2.5.6/spring-boot-starter-2.5.6.jar:/home/g3v/.m2/repository/org/springframework/boot/spring-boot-starter-logging/2.5.6/spring-boot-starter-logging-2.5.6.jar:/home/g3v/.m2/repository/ch/qos/logback/logback-classic/1.2.6/logback-classic-1.2.6.jar:/home/g3v/.m2/repository/ch/qos/logback/logback-core/1.2.6/logback-core-1.2.6.jar:/home/g3v/.m2/repository/org/apache/logging/log4j/log4j-to-slf4j/2.14.1/log4j-to-slf4j-2.14.1.jar:/home/g3v/.m2/repository/org/apache/logging/log4j/log4j-api/2.14.1/log4j-api-2.14.1.jar:/home/g3v/.m2/repository/org/slf4j/jul-to-slf4j/1.7.32/jul-to-slf4j-1.7.32.jar:/home/g3v/.m2/repository/jakarta/annotation/jakarta.annotation-api/1.3.5/jakarta.annotation-api-1.3.5.jar:/home/g3v/.m2/repository/org/yaml/snakeyaml/1.28/snakeyaml-1.28.jar:/home/g3v/.m2/repository/org/springframework/boot/spring-boot-test/2.5.6/spring-boot-test-2.5.6.jar:/home/g3v/.m2/repository/org/springframework/boot/spring-boot-test-autoconfigure/2.5.6/spring-boot-test-autoconfigure-2.5.6.jar:/home/g3v/.m2/repository/com/jayway/jsonpath/json-path/2.5.0/json-path-2.5.0.jar:/home/g3v/.m2/repository/net/minidev/json-smart/2.4.7/json-smart-2.4.7.jar:/home/g3v/.m2/repository/net/minidev/accessors-smart/2.4.7/accessors-smart-2.4.7.jar:/home/g3v/.m2/repository/org/ow2/asm/asm/9.1/asm-9.1.jar:/home/g3v/.m2/repository/jakarta/xml/bind/jakarta.xml.bind-api/2.3.3/jakarta.xml.bind-api-2.3.3.jar:/home/g3v/.m2/repository/jakarta/activation/jakarta.activation-api/1.2.2/jakarta.activation-api-1.2.2.jar:/home/g3v/.m2/repository/org/assertj/assertj-core/3.19.0/assertj-core-3.19.0.jar:/home/g3v/.m2/repository/org/hamcrest/hamcrest/2.2/hamcrest-2.2.jar:/home/g3v/.m2/repository/org/junit/jupiter/junit-jupiter/5.7.2/junit-jupiter-5.7.2.jar:/home/g3v/.m2/repository/org/junit/jupiter/junit-jupiter-api/5.7.2/junit-jupiter-api-5.7.2.jar:/home/g3v/.m2/repository/org/apiguardian/apiguardian-api/1.1.0/apiguardian-api-1.1.0.jar:/home/g3v/.m2/repository/org/opentest4j/opentest4j/1.2.0/opentest4j-1.2.0.jar:/home/g3v/.m2/repository/org/junit/platform/junit-platform-commons/1.7.2/junit-platform-commons-1.7.2.jar:/home/g3v/.m2/repository/org/junit/jupiter/junit-jupiter-params/5.7.2/junit-jupiter-params-5.7.2.jar:/home/g3v/.m2/repository/org/junit/jupiter/junit-jupiter-engine/5.7.2/junit-jupiter-engine-5.7.2.jar:/home/g3v/.m2/repository/org/junit/platform/junit-platform-engine/1.7.2/junit-platform-engine-1.7.2.jar:/home/g3v/.m2/repository/org/mockito/mockito-core/3.9.0/mockito-core-3.9.0.jar:/home/g3v/.m2/repository/net/bytebuddy/byte-buddy-agent/1.10.22/byte-buddy-agent-1.10.22.jar:/home/g3v/.m2/repository/org/objenesis/objenesis/3.2/objenesis-3.2.jar:/home/g3v/.m2/repository/org/mockito/mockito-junit-jupiter/3.9.0/mockito-junit-jupiter-3.9.0.jar:/home/g3v/.m2/repository/org/skyscreamer/jsonassert/1.5.0/jsonassert-1.5.0.jar:/home/g3v/.m2/repository/com/vaadin/external/google/android-json/0.0.20131108.vaadin1/android-json-0.0.20131108.vaadin1.jar:/home/g3v/.m2/repository/org/springframework/spring-core/5.3.12/spring-core-5.3.12.jar:/home/g3v/.m2/repository/org/springframework/spring-jcl/5.3.12/spring-jcl-5.3.12.jar:/home/g3v/.m2/repository/org/springframework/spring-test/5.3.12/spring-test-5.3.12.jar:/home/g3v/.m2/repository/org/xmlunit/xmlunit-core/2.8.3/xmlunit-core-2.8.3.jar:/home/g3v/.m2/repository/org/springframework/boot/spring-boot-starter-validation/2.5.6/spring-boot-starter-validation-2.5.6.jar:/home/g3v/.m2/repository/org/apache/tomcat/embed/tomcat-embed-el/9.0.54/tomcat-embed-el-9.0.54.jar:/home/g3v/.m2/repository/org/hibernate/validator/hibernate-validator/6.2.0.Final/hibernate-validator-6.2.0.Final.jar:/home/g3v/.m2/repository/jakarta/validation/jakarta.validation-api/2.0.2/jakarta.validation-api-2.0.2.jar:/home/g3v/.m2/repository/org/springframework/cloud/spring-cloud-starter-netflix-eureka-server/3.0.4/spring-cloud-starter-netflix-eureka-server-3.0.4.jar:/home/g3v/.m2/repository/org/springframework/cloud/spring-cloud-starter/3.0.4/spring-cloud-starter-3.0.4.jar:/home/g3v/.m2/repository/org/springframework/cloud/spring-cloud-context/3.0.4/spring-cloud-context-3.0.4.jar:/home/g3v/.m2/repository/org/springframework/security/spring-security-crypto/5.5.3/spring-security-crypto-5.5.3.jar:/home/g3v/.m2/repository/org/springframework/cloud/spring-cloud-commons/3.0.4/spring-cloud-commons-3.0.4.jar:/home/g3v/.m2/repository/org/springframework/security/spring-security-rsa/1.0.10.RELEASE/spring-security-rsa-1.0.10.RELEASE.jar:/home/g3v/.m2/repository/org/bouncycastle/bcpkix-jdk15on/1.68/bcpkix-jdk15on-1.68.jar:/home/g3v/.m2/repository/org/bouncycastle/bcprov-jdk15on/1.68/bcprov-jdk15on-1.68.jar:/home/g3v/.m2/repository/org/springframework/cloud/spring-cloud-netflix-eureka-server/3.0.4/spring-cloud-netflix-eureka-server-3.0.4.jar:/home/g3v/.m2/repository/org/springframework/boot/spring-boot-starter-actuator/2.5.6/spring-boot-starter-actuator-2.5.6.jar:/home/g3v/.m2/repository/org/springframework/boot/spring-boot-actuator-autoconfigure/2.5.6/spring-boot-actuator-autoconfigure-2.5.6.jar:/home/g3v/.m2/repository/org/springframework/boot/spring-boot-actuator/2.5.6/spring-boot-actuator-2.5.6.jar:/home/g3v/.m2/repository/io/micrometer/micrometer-core/1.7.5/micrometer-core-1.7.5.jar:/home/g3v/.m2/repository/org/hdrhistogram/HdrHistogram/2.1.12/HdrHistogram-2.1.12.jar:/home/g3v/.m2/repository/org/latencyutils/LatencyUtils/2.0.3/LatencyUtils-2.0.3.jar:/home/g3v/.m2/repository/org/springframework/boot/spring-boot-starter-freemarker/2.5.6/spring-boot-starter-freemarker-2.5.6.jar:/home/g3v/.m2/repository/org/freemarker/freemarker/2.3.31/freemarker-2.3.31.jar:/home/g3v/.m2/repository/org/springframework/spring-context-support/5.3.12/spring-context-support-5.3.12.jar:/home/g3v/.m2/repository/org/springframework/cloud/spring-cloud-netflix-eureka-client/3.0.4/spring-cloud-netflix-eureka-client-3.0.4.jar:/home/g3v/.m2/repository/com/netflix/eureka/eureka-client/1.10.16/eureka-client-1.10.16.jar:/home/g3v/.m2/repository/com/netflix/netflix-commons/netflix-eventbus/0.3.0/netflix-eventbus-0.3.0.jar:/home/g3v/.m2/repository/com/netflix/netflix-commons/netflix-infix/0.3.0/netflix-infix-0.3.0.jar:/home/g3v/.m2/repository/commons-jxpath/commons-jxpath/1.3/commons-jxpath-1.3.jar:/home/g3v/.m2/repository/joda-time/joda-time/2.3/joda-time-2.3.jar:/home/g3v/.m2/repository/org/antlr/antlr-runtime/3.4/antlr-runtime-3.4.jar:/home/g3v/.m2/repository/org/antlr/stringtemplate/3.2.1/stringtemplate-3.2.1.jar:/home/g3v/.m2/repository/com/google/code/gson/gson/2.8.8/gson-2.8.8.jar:/home/g3v/.m2/repository/org/apache/commons/commons-math/2.2/commons-math-2.2.jar:/home/g3v/.m2/repository/com/thoughtworks/xstream/xstream/1.4.18/xstream-1.4.18.jar:/home/g3v/.m2/repository/io/github/x-stream/mxparser/1.2.2/mxparser-1.2.2.jar:/home/g3v/.m2/repository/xmlpull/xmlpull/1.1.3.1/xmlpull-1.1.3.1.jar:/home/g3v/.m2/repository/javax/ws/rs/jsr311-api/1.1.1/jsr311-api-1.1.1.jar:/home/g3v/.m2/repository/com/netflix/servo/servo-core/0.12.21/servo-core-0.12.21.jar:/home/g3v/.m2/repository/com/google/guava/guava/19.0/guava-19.0.jar:/home/g3v/.m2/repository/com/sun/jersey/jersey-core/1.19.1/jersey-core-1.19.1.jar:/home/g3v/.m2/repository/com/sun/jersey/contribs/jersey-apache-client4/1.19.1/jersey-apache-client4-1.19.1.jar:/home/g3v/.m2/repository/org/apache/httpcomponents/httpclient/4.5.13/httpclient-4.5.13.jar:/home/g3v/.m2/repository/org/apache/httpcomponents/httpcore/4.4.14/httpcore-4.4.14.jar:/home/g3v/.m2/repository/commons-codec/commons-codec/1.15/commons-codec-1.15.jar:/home/g3v/.m2/repository/commons-configuration/commons-configuration/1.10/commons-configuration-1.10.jar:/home/g3v/.m2/repository/commons-lang/commons-lang/2.6/commons-lang-2.6.jar:/home/g3v/.m2/repository/com/google/inject/guice/4.1.0/guice-4.1.0.jar:/home/g3v/.m2/repository/aopalliance/aopalliance/1.0/aopalliance-1.0.jar:/home/g3v/.m2/repository/com/fasterxml/jackson/core/jackson-annotations/2.12.5/jackson-annotations-2.12.5.jar:/home/g3v/.m2/repository/org/codehaus/jettison/jettison/1.4.0/jettison-1.4.0.jar:/home/g3v/.m2/repository/com/sun/jersey/jersey-servlet/1.19.4/jersey-servlet-1.19.4.jar:/home/g3v/.m2/repository/com/sun/jersey/jersey-server/1.19.4/jersey-server-1.19.4.jar:/home/g3v/.m2/repository/com/sun/jersey/jersey-client/1.19.4/jersey-client-1.19.4.jar:/home/g3v/.m2/repository/com/netflix/eureka/eureka-core/1.10.16/eureka-core-1.10.16.jar:/home/g3v/.m2/repository/com/fasterxml/woodstox/woodstox-core/6.2.1/woodstox-core-6.2.1.jar:/home/g3v/.m2/repository/javax/inject/javax.inject/1/javax.inject-1.jar:/home/g3v/.m2/repository/com/fasterxml/jackson/dataformat/jackson-dataformat-xml/2.12.5/jackson-dataformat-xml-2.12.5.jar:/home/g3v/.m2/repository/com/fasterxml/jackson/module/jackson-module-jaxb-annotations/2.12.5/jackson-module-jaxb-annotations-2.12.5.jar:/home/g3v/.m2/repository/org/codehaus/woodstox/stax2-api/4.2.1/stax2-api-4.2.1.jar:/home/g3v/.m2/repository/org/springframework/cloud/spring-cloud-starter-loadbalancer/3.0.4/spring-cloud-starter-loadbalancer-3.0.4.jar:/home/g3v/.m2/repository/org/springframework/cloud/spring-cloud-loadbalancer/3.0.4/spring-cloud-loadbalancer-3.0.4.jar:/home/g3v/.m2/repository/io/projectreactor/reactor-core/3.4.11/reactor-core-3.4.11.jar:/home/g3v/.m2/repository/org/reactivestreams/reactive-streams/1.0.3/reactive-streams-1.0.3.jar:/home/g3v/.m2/repository/io/projectreactor/addons/reactor-extra/3.4.5/reactor-extra-3.4.5.jar:/home/g3v/.m2/repository/org/springframework/boot/spring-boot-starter-cache/2.5.6/spring-boot-starter-cache-2.5.6.jar:/home/g3v/.m2/repository/com/stoyanr/evictor/1.0.0/evictor-1.0.0.jar:/home/g3v/.m2/repository/org/glassfish/jaxb/jaxb-runtime/2.3.5/jaxb-runtime-2.3.5.jar:/home/g3v/.m2/repository/org/glassfish/jaxb/txw2/2.3.5/txw2-2.3.5.jar:/home/g3v/.m2/repository/com/sun/istack/istack-commons-runtime/3.0.12/istack-commons-runtime-3.0.12.jar:/home/g3v/.m2/repository/com/sun/activation/jakarta.activation/1.2.2/jakarta.activation-1.2.2.jar:/home/g3v/.m2/repository/org/springframework/cloud/spring-cloud-starter-sleuth/3.0.4/spring-cloud-starter-sleuth-3.0.4.jar:/home/g3v/.m2/repository/org/springframework/cloud/spring-cloud-sleuth-autoconfigure/3.0.4/spring-cloud-sleuth-autoconfigure-3.0.4.jar:/home/g3v/.m2/repository/org/springframework/cloud/spring-cloud-sleuth-instrumentation/3.0.4/spring-cloud-sleuth-instrumentation-3.0.4.jar:/home/g3v/.m2/repository/org/springframework/cloud/spring-cloud-sleuth-api/3.0.4/spring-cloud-sleuth-api-3.0.4.jar:/home/g3v/.m2/repository/org/aspectj/aspectjrt/1.9.7/aspectjrt-1.9.7.jar:/home/g3v/.m2/repository/org/springframework/cloud/spring-cloud-sleuth-brave/3.0.4/spring-cloud-sleuth-brave-3.0.4.jar:/home/g3v/.m2/repository/io/zipkin/brave/brave/5.13.2/brave-5.13.2.jar:/home/g3v/.m2/repository/io/zipkin/brave/brave-context-slf4j/5.13.2/brave-context-slf4j-5.13.2.jar:/home/g3v/.m2/repository/io/zipkin/brave/brave-instrumentation-messaging/5.13.2/brave-instrumentation-messaging-5.13.2.jar:/home/g3v/.m2/repository/io/zipkin/brave/brave-instrumentation-rpc/5.13.2/brave-instrumentation-rpc-5.13.2.jar:/home/g3v/.m2/repository/io/zipkin/brave/brave-instrumentation-spring-rabbit/5.13.2/brave-instrumentation-spring-rabbit-5.13.2.jar:/home/g3v/.m2/repository/io/zipkin/brave/brave-instrumentation-kafka-clients/5.13.2/brave-instrumentation-kafka-clients-5.13.2.jar:/home/g3v/.m2/repository/io/zipkin/brave/brave-instrumentation-kafka-streams/5.13.2/brave-instrumentation-kafka-streams-5.13.2.jar:/home/g3v/.m2/repository/io/zipkin/brave/brave-instrumentation-httpclient/5.13.2/brave-instrumentation-httpclient-5.13.2.jar:/home/g3v/.m2/repository/io/zipkin/brave/brave-instrumentation-http/5.13.2/brave-instrumentation-http-5.13.2.jar:/home/g3v/.m2/repository/io/zipkin/brave/brave-instrumentation-httpasyncclient/5.13.2/brave-instrumentation-httpasyncclient-5.13.2.jar:/home/g3v/.m2/repository/io/zipkin/brave/brave-instrumentation-jms/5.13.2/brave-instrumentation-jms-5.13.2.jar:/home/g3v/.m2/repository/io/zipkin/brave/brave-instrumentation-mongodb/5.13.2/brave-instrumentation-mongodb-5.13.2.jar:/home/g3v/.m2/repository/io/zipkin/aws/brave-propagation-aws/0.21.3/brave-propagation-aws-0.21.3.jar:/home/g3v/.m2/repository/io/zipkin/reporter2/zipkin-reporter-metrics-micrometer/2.16.1/zipkin-reporter-metrics-micrometer-2.16.1.jar:/home/g3v/.m2/repository/io/zipkin/reporter2/zipkin-reporter/2.16.1/zipkin-reporter-2.16.1.jar:/home/g3v/.m2/repository/io/zipkin/zipkin2/zipkin/2.23.0/zipkin-2.23.0.jar:/home/g3v/.m2/repository/org/springframework/boot/spring-boot-starter-web/2.5.6/spring-boot-starter-web-2.5.6.jar:/home/g3v/.m2/repository/org/springframework/boot/spring-boot-starter-json/2.5.6/spring-boot-starter-json-2.5.6.jar:/home/g3v/.m2/repository/com/fasterxml/jackson/core/jackson-databind/2.12.5/jackson-databind-2.12.5.jar:/home/g3v/.m2/repository/com/fasterxml/jackson/datatype/jackson-datatype-jdk8/2.12.5/jackson-datatype-jdk8-2.12.5.jar:/home/g3v/.m2/repository/com/fasterxml/jackson/datatype/jackson-datatype-jsr310/2.12.5/jackson-datatype-jsr310-2.12.5.jar:/home/g3v/.m2/repository/com/fasterxml/jackson/module/jackson-module-parameter-names/2.12.5/jackson-module-parameter-names-2.12.5.jar:/home/g3v/.m2/repository/org/springframework/boot/spring-boot-starter-tomcat/2.5.6/spring-boot-starter-tomcat-2.5.6.jar:/home/g3v/.m2/repository/org/apache/tomcat/embed/tomcat-embed-core/9.0.54/tomcat-embed-core-9.0.54.jar:/home/g3v/.m2/repository/org/apache/tomcat/embed/tomcat-embed-websocket/9.0.54/tomcat-embed-websocket-9.0.54.jar:/home/g3v/.m2/repository/org/springframework/spring-web/5.3.12/spring-web-5.3.12.jar:/home/g3v/.m2/repository/org/springframework/spring-webmvc/5.3.12/spring-webmvc-5.3.12.jar:/home/g3v/.m2/repository/org/springframework/spring-expression/5.3.12/spring-expression-5.3.12.jar:"/>
    <property name="java.vm.vendor" value="Oracle Corporation"/>
    <property name="sun.arch.data.model" value="64"/>
    <property name="java.vendor.url" value="https://java.oracle.com/"/>
    <property name="os.name" value="Linux"/>
    <property name="java.vm.specification.version" value="15"/>
    <property name="sun.java.launcher" value="SUN_STANDARD"/>
    <property name="user.country" value="US"/>
    <property name="sun.boot.library.path" value="/home/g3v/Installed/sts-4.10.0.RELEASE/plugins/org.eclipse.justj.openjdk.hotspot.jre.full.linux.x86_64_15.0.2.v20210201-0955/jre/lib"/>
    <property name="sun.java.command" value="/home/g3v/Documents/Enastic/Admin/target/surefire/surefirebooter16696114088306573654.jar /home/g3v/Documents/Enastic/Admin/target/surefire 2021-11-05T14-25-11_339-jvmRun1 surefire3292499054817686419tmp surefire_013805383373172200976tmp"/>
    <property name="jdk.debug" value="release"/>
    <property name="surefire.test.class.path" value="/home/g3v/Documents/Enastic/Admin/target/test-classes:/home/g3v/Documents/Enastic/Admin/target/classes:/home/g3v/.m2/repository/org/springdoc/springdoc-openapi-ui/1.5.2/springdoc-openapi-ui-1.5.2.jar:/home/g3v/.m2/repository/org/springdoc/springdoc-openapi-webmvc-core/1.5.2/springdoc-openapi-webmvc-core-1.5.2.jar:/home/g3v/.m2/repository/org/springdoc/springdoc-openapi-common/1.5.2/springdoc-openapi-common-1.5.2.jar:/home/g3v/.m2/repository/io/swagger/core/v3/swagger-models/2.1.6/swagger-models-2.1.6.jar:/home/g3v/.m2/repository/io/swagger/core/v3/swagger-annotations/2.1.6/swagger-annotations-2.1.6.jar:/home/g3v/.m2/repository/io/swagger/core/v3/swagger-integration/2.1.6/swagger-integration-2.1.6.jar:/home/g3v/.m2/repository/io/swagger/core/v3/swagger-core/2.1.6/swagger-core-2.1.6.jar:/home/g3v/.m2/repository/com/fasterxml/jackson/dataformat/jackson-dataformat-yaml/2.12.5/jackson-dataformat-yaml-2.12.5.jar:/home/g3v/.m2/repository/io/github/classgraph/classgraph/4.8.69/classgraph-4.8.69.jar:/home/g3v/.m2/repository/org/apache/commons/commons-lang3/3.12.0/commons-lang3-3.12.0.jar:/home/g3v/.m2/repository/org/webjars/swagger-ui/3.38.0/swagger-ui-3.38.0.jar:/home/g3v/.m2/repository/org/webjars/webjars-locator-core/0.46/webjars-locator-core-0.46.jar:/home/g3v/.m2/repository/org/slf4j/slf4j-api/1.7.32/slf4j-api-1.7.32.jar:/home/g3v/.m2/repository/com/fasterxml/jackson/core/jackson-core/2.12.5/jackson-core-2.12.5.jar:/home/g3v/.m2/repository/org/springframework/boot/spring-boot-starter-data-jdbc/2.5.6/spring-boot-starter-data-jdbc-2.5.6.jar:/home/g3v/.m2/repository/org/springframework/boot/spring-boot-starter-jdbc/2.5.6/spring-boot-starter-jdbc-2.5.6.jar:/home/g3v/.m2/repository/com/zaxxer/HikariCP/4.0.3/HikariCP-4.0.3.jar:/home/g3v/.m2/repository/org/springframework/spring-jdbc/5.3.12/spring-jdbc-5.3.12.jar:/home/g3v/.m2/repository/org/springframework/data/spring-data-jdbc/2.2.6/spring-data-jdbc-2.2.6.jar:/home/g3v/.m2/repository/org/springframework/data/spring-data-relational/2.2.6/spring-data-relational-2.2.6.jar:/home/g3v/.m2/repository/org/springframework/data/spring-data-commons/2.5.6/spring-data-commons-2.5.6.jar:/home/g3v/.m2/repository/org/springframework/spring-tx/5.3.12/spring-tx-5.3.12.jar:/home/g3v/.m2/repository/org/springframework/spring-context/5.3.12/spring-context-5.3.12.jar:/home/g3v/.m2/repository/org/springframework/spring-beans/5.3.12/spring-beans-5.3.12.jar:/home/g3v/.m2/repository/org/springframework/boot/spring-boot-starter-data-jpa/2.5.6/spring-boot-starter-data-jpa-2.5.6.jar:/home/g3v/.m2/repository/org/springframework/boot/spring-boot-starter-aop/2.5.6/spring-boot-starter-aop-2.5.6.jar:/home/g3v/.m2/repository/org/springframework/spring-aop/5.3.12/spring-aop-5.3.12.jar:/home/g3v/.m2/repository/org/aspectj/aspectjweaver/1.9.7/aspectjweaver-1.9.7.jar:/home/g3v/.m2/repository/jakarta/transaction/jakarta.transaction-api/1.3.3/jakarta.transaction-api-1.3.3.jar:/home/g3v/.m2/repository/jakarta/persistence/jakarta.persistence-api/2.2.3/jakarta.persistence-api-2.2.3.jar:/home/g3v/.m2/repository/org/hibernate/hibernate-core/5.4.32.Final/hibernate-core-5.4.32.Final.jar:/home/g3v/.m2/repository/org/jboss/logging/jboss-logging/3.4.2.Final/jboss-logging-3.4.2.Final.jar:/home/g3v/.m2/repository/org/javassist/javassist/3.27.0-GA/javassist-3.27.0-GA.jar:/home/g3v/.m2/repository/net/bytebuddy/byte-buddy/1.10.22/byte-buddy-1.10.22.jar:/home/g3v/.m2/repository/antlr/antlr/2.7.7/antlr-2.7.7.jar:/home/g3v/.m2/repository/org/jboss/jandex/2.2.3.Final/jandex-2.2.3.Final.jar:/home/g3v/.m2/repository/com/fasterxml/classmate/1.5.1/classmate-1.5.1.jar:/home/g3v/.m2/repository/org/dom4j/dom4j/2.1.3/dom4j-2.1.3.jar:/home/g3v/.m2/repository/org/hibernate/common/hibernate-commons-annotations/5.1.2.Final/hibernate-commons-annotations-5.1.2.Final.jar:/home/g3v/.m2/repository/org/springframework/data/spring-data-jpa/2.5.6/spring-data-jpa-2.5.6.jar:/home/g3v/.m2/repository/org/springframework/spring-orm/5.3.12/spring-orm-5.3.12.jar:/home/g3v/.m2/repository/org/springframework/spring-aspects/5.3.12/spring-aspects-5.3.12.jar:/home/g3v/.m2/repository/org/springframework/boot/spring-boot-devtools/2.5.6/spring-boot-devtools-2.5.6.jar:/home/g3v/.m2/repository/org/springframework/boot/spring-boot/2.5.6/spring-boot-2.5.6.jar:/home/g3v/.m2/repository/org/springframework/boot/spring-boot-autoconfigure/2.5.6/spring-boot-autoconfigure-2.5.6.jar:/home/g3v/.m2/repository/mysql/mysql-connector-java/8.0.27/mysql-connector-java-8.0.27.jar:/home/g3v/.m2/repository/org/projectlombok/lombok/1.18.22/lombok-1.18.22.jar:/home/g3v/.m2/repository/org/springframework/boot/spring-boot-starter-test/2.5.6/spring-boot-starter-test-2.5.6.jar:/home/g3v/.m2/repository/org/springframework/boot/spring-boot-starter/2.5.6/spring-boot-starter-2.5.6.jar:/home/g3v/.m2/repository/org/springframework/boot/spring-boot-starter-logging/2.5.6/spring-boot-starter-logging-2.5.6.jar:/home/g3v/.m2/repository/ch/qos/logback/logback-classic/1.2.6/logback-classic-1.2.6.jar:/home/g3v/.m2/repository/ch/qos/logback/logback-core/1.2.6/logback-core-1.2.6.jar:/home/g3v/.m2/repository/org/apache/logging/log4j/log4j-to-slf4j/2.14.1/log4j-to-slf4j-2.14.1.jar:/home/g3v/.m2/repository/org/apache/logging/log4j/log4j-api/2.14.1/log4j-api-2.14.1.jar:/home/g3v/.m2/repository/org/slf4j/jul-to-slf4j/1.7.32/jul-to-slf4j-1.7.32.jar:/home/g3v/.m2/repository/jakarta/annotation/jakarta.annotation-api/1.3.5/jakarta.annotation-api-1.3.5.jar:/home/g3v/.m2/repository/org/yaml/snakeyaml/1.28/snakeyaml-1.28.jar:/home/g3v/.m2/repository/org/springframework/boot/spring-boot-test/2.5.6/spring-boot-test-2.5.6.jar:/home/g3v/.m2/repository/org/springframework/boot/spring-boot-test-autoconfigure/2.5.6/spring-boot-test-autoconfigure-2.5.6.jar:/home/g3v/.m2/repository/com/jayway/jsonpath/json-path/2.5.0/json-path-2.5.0.jar:/home/g3v/.m2/repository/net/minidev/json-smart/2.4.7/json-smart-2.4.7.jar:/home/g3v/.m2/repository/net/minidev/accessors-smart/2.4.7/accessors-smart-2.4.7.jar:/home/g3v/.m2/repository/org/ow2/asm/asm/9.1/asm-9.1.jar:/home/g3v/.m2/repository/jakarta/xml/bind/jakarta.xml.bind-api/2.3.3/jakarta.xml.bind-api-2.3.3.jar:/home/g3v/.m2/repository/jakarta/activation/jakarta.activation-api/1.2.2/jakarta.activation-api-1.2.2.jar:/home/g3v/.m2/repository/org/assertj/assertj-core/3.19.0/assertj-core-3.19.0.jar:/home/g3v/.m2/repository/org/hamcrest/hamcrest/2.2/hamcrest-2.2.jar:/home/g3v/.m2/repository/org/junit/jupiter/junit-jupiter/5.7.2/junit-jupiter-5.7.2.jar:/home/g3v/.m2/repository/org/junit/jupiter/junit-jupiter-api/5.7.2/junit-jupiter-api-5.7.2.jar:/home/g3v/.m2/repository/org/apiguardian/apiguardian-api/1.1.0/apiguardian-api-1.1.0.jar:/home/g3v/.m2/repository/org/opentest4j/opentest4j/1.2.0/opentest4j-1.2.0.jar:/home/g3v/.m2/repository/org/junit/platform/junit-platform-commons/1.7.2/junit-platform-commons-1.7.2.jar:/home/g3v/.m2/repository/org/junit/jupiter/junit-jupiter-params/5.7.2/junit-jupiter-params-5.7.2.jar:/home/g3v/.m2/repository/org/junit/jupiter/junit-jupiter-engine/5.7.2/junit-jupiter-engine-5.7.2.jar:/home/g3v/.m2/repository/org/junit/platform/junit-platform-engine/1.7.2/junit-platform-engine-1.7.2.jar:/home/g3v/.m2/repository/org/mockito/mockito-core/3.9.0/mockito-core-3.9.0.jar:/home/g3v/.m2/repository/net/bytebuddy/byte-buddy-agent/1.10.22/byte-buddy-agent-1.10.22.jar:/home/g3v/.m2/repository/org/objenesis/objenesis/3.2/objenesis-3.2.jar:/home/g3v/.m2/repository/org/mockito/mockito-junit-jupiter/3.9.0/mockito-junit-jupiter-3.9.0.jar:/home/g3v/.m2/repository/org/skyscreamer/jsonassert/1.5.0/jsonassert-1.5.0.jar:/home/g3v/.m2/repository/com/vaadin/external/google/android-json/0.0.20131108.vaadin1/android-json-0.0.20131108.vaadin1.jar:/home/g3v/.m2/repository/org/springframework/spring-core/5.3.12/spring-core-5.3.12.jar:/home/g3v/.m2/repository/org/springframework/spring-jcl/5.3.12/spring-jcl-5.3.12.jar:/home/g3v/.m2/repository/org/springframework/spring-test/5.3.12/spring-test-5.3.12.jar:/home/g3v/.m2/repository/org/xmlunit/xmlunit-core/2.8.3/xmlunit-core-2.8.3.jar:/home/g3v/.m2/repository/org/springframework/boot/spring-boot-starter-validation/2.5.6/spring-boot-starter-validation-2.5.6.jar:/home/g3v/.m2/repository/org/apache/tomcat/embed/tomcat-embed-el/9.0.54/tomcat-embed-el-9.0.54.jar:/home/g3v/.m2/repository/org/hibernate/validator/hibernate-validator/6.2.0.Final/hibernate-validator-6.2.0.Final.jar:/home/g3v/.m2/repository/jakarta/validation/jakarta.validation-api/2.0.2/jakarta.validation-api-2.0.2.jar:/home/g3v/.m2/repository/org/springframework/cloud/spring-cloud-starter-netflix-eureka-server/3.0.4/spring-cloud-starter-netflix-eureka-server-3.0.4.jar:/home/g3v/.m2/repository/org/springframework/cloud/spring-cloud-starter/3.0.4/spring-cloud-starter-3.0.4.jar:/home/g3v/.m2/repository/org/springframework/cloud/spring-cloud-context/3.0.4/spring-cloud-context-3.0.4.jar:/home/g3v/.m2/repository/org/springframework/security/spring-security-crypto/5.5.3/spring-security-crypto-5.5.3.jar:/home/g3v/.m2/repository/org/springframework/cloud/spring-cloud-commons/3.0.4/spring-cloud-commons-3.0.4.jar:/home/g3v/.m2/repository/org/springframework/security/spring-security-rsa/1.0.10.RELEASE/spring-security-rsa-1.0.10.RELEASE.jar:/home/g3v/.m2/repository/org/bouncycastle/bcpkix-jdk15on/1.68/bcpkix-jdk15on-1.68.jar:/home/g3v/.m2/repository/org/bouncycastle/bcprov-jdk15on/1.68/bcprov-jdk15on-1.68.jar:/home/g3v/.m2/repository/org/springframework/cloud/spring-cloud-netflix-eureka-server/3.0.4/spring-cloud-netflix-eureka-server-3.0.4.jar:/home/g3v/.m2/repository/org/springframework/boot/spring-boot-starter-actuator/2.5.6/spring-boot-starter-actuator-2.5.6.jar:/home/g3v/.m2/repository/org/springframework/boot/spring-boot-actuator-autoconfigure/2.5.6/spring-boot-actuator-autoconfigure-2.5.6.jar:/home/g3v/.m2/repository/org/springframework/boot/spring-boot-actuator/2.5.6/spring-boot-actuator-2.5.6.jar:/home/g3v/.m2/repository/io/micrometer/micrometer-core/1.7.5/micrometer-core-1.7.5.jar:/home/g3v/.m2/repository/org/hdrhistogram/HdrHistogram/2.1.12/HdrHistogram-2.1.12.jar:/home/g3v/.m2/repository/org/latencyutils/LatencyUtils/2.0.3/LatencyUtils-2.0.3.jar:/home/g3v/.m2/repository/org/springframework/boot/spring-boot-starter-freemarker/2.5.6/spring-boot-starter-freemarker-2.5.6.jar:/home/g3v/.m2/repository/org/freemarker/freemarker/2.3.31/freemarker-2.3.31.jar:/home/g3v/.m2/repository/org/springframework/spring-context-support/5.3.12/spring-context-support-5.3.12.jar:/home/g3v/.m2/repository/org/springframework/cloud/spring-cloud-netflix-eureka-client/3.0.4/spring-cloud-netflix-eureka-client-3.0.4.jar:/home/g3v/.m2/repository/com/netflix/eureka/eureka-client/1.10.16/eureka-client-1.10.16.jar:/home/g3v/.m2/repository/com/netflix/netflix-commons/netflix-eventbus/0.3.0/netflix-eventbus-0.3.0.jar:/home/g3v/.m2/repository/com/netflix/netflix-commons/netflix-infix/0.3.0/netflix-infix-0.3.0.jar:/home/g3v/.m2/repository/commons-jxpath/commons-jxpath/1.3/commons-jxpath-1.3.jar:/home/g3v/.m2/repository/joda-time/joda-time/2.3/joda-time-2.3.jar:/home/g3v/.m2/repository/org/antlr/antlr-runtime/3.4/antlr-runtime-3.4.jar:/home/g3v/.m2/repository/org/antlr/stringtemplate/3.2.1/stringtemplate-3.2.1.jar:/home/g3v/.m2/repository/com/google/code/gson/gson/2.8.8/gson-2.8.8.jar:/home/g3v/.m2/repository/org/apache/commons/commons-math/2.2/commons-math-2.2.jar:/home/g3v/.m2/repository/com/thoughtworks/xstream/xstream/1.4.18/xstream-1.4.18.jar:/home/g3v/.m2/repository/io/github/x-stream/mxparser/1.2.2/mxparser-1.2.2.jar:/home/g3v/.m2/repository/xmlpull/xmlpull/1.1.3.1/xmlpull-1.1.3.1.jar:/home/g3v/.m2/repository/javax/ws/rs/jsr311-api/1.1.1/jsr311-api-1.1.1.jar:/home/g3v/.m2/repository/com/netflix/servo/servo-core/0.12.21/servo-core-0.12.21.jar:/home/g3v/.m2/repository/com/google/guava/guava/19.0/guava-19.0.jar:/home/g3v/.m2/repository/com/sun/jersey/jersey-core/1.19.1/jersey-core-1.19.1.jar:/home/g3v/.m2/repository/com/sun/jersey/contribs/jersey-apache-client4/1.19.1/jersey-apache-client4-1.19.1.jar:/home/g3v/.m2/repository/org/apache/httpcomponents/httpclient/4.5.13/httpclient-4.5.13.jar:/home/g3v/.m2/repository/org/apache/httpcomponents/httpcore/4.4.14/httpcore-4.4.14.jar:/home/g3v/.m2/repository/commons-codec/commons-codec/1.15/commons-codec-1.15.jar:/home/g3v/.m2/repository/commons-configuration/commons-configuration/1.10/commons-configuration-1.10.jar:/home/g3v/.m2/repository/commons-lang/commons-lang/2.6/commons-lang-2.6.jar:/home/g3v/.m2/repository/com/google/inject/guice/4.1.0/guice-4.1.0.jar:/home/g3v/.m2/repository/aopalliance/aopalliance/1.0/aopalliance-1.0.jar:/home/g3v/.m2/repository/com/fasterxml/jackson/core/jackson-annotations/2.12.5/jackson-annotations-2.12.5.jar:/home/g3v/.m2/repository/org/codehaus/jettison/jettison/1.4.0/jettison-1.4.0.jar:/home/g3v/.m2/repository/com/sun/jersey/jersey-servlet/1.19.4/jersey-servlet-1.19.4.jar:/home/g3v/.m2/repository/com/sun/jersey/jersey-server/1.19.4/jersey-server-1.19.4.jar:/home/g3v/.m2/repository/com/sun/jersey/jersey-client/1.19.4/jersey-client-1.19.4.jar:/home/g3v/.m2/repository/com/netflix/eureka/eureka-core/1.10.16/eureka-core-1.10.16.jar:/home/g3v/.m2/repository/com/fasterxml/woodstox/woodstox-core/6.2.1/woodstox-core-6.2.1.jar:/home/g3v/.m2/repository/javax/inject/javax.inject/1/javax.inject-1.jar:/home/g3v/.m2/repository/com/fasterxml/jackson/dataformat/jackson-dataformat-xml/2.12.5/jackson-dataformat-xml-2.12.5.jar:/home/g3v/.m2/repository/com/fasterxml/jackson/module/jackson-module-jaxb-annotations/2.12.5/jackson-module-jaxb-annotations-2.12.5.jar:/home/g3v/.m2/repository/org/codehaus/woodstox/stax2-api/4.2.1/stax2-api-4.2.1.jar:/home/g3v/.m2/repository/org/springframework/cloud/spring-cloud-starter-loadbalancer/3.0.4/spring-cloud-starter-loadbalancer-3.0.4.jar:/home/g3v/.m2/repository/org/springframework/cloud/spring-cloud-loadbalancer/3.0.4/spring-cloud-loadbalancer-3.0.4.jar:/home/g3v/.m2/repository/io/projectreactor/reactor-core/3.4.11/reactor-core-3.4.11.jar:/home/g3v/.m2/repository/org/reactivestreams/reactive-streams/1.0.3/reactive-streams-1.0.3.jar:/home/g3v/.m2/repository/io/projectreactor/addons/reactor-extra/3.4.5/reactor-extra-3.4.5.jar:/home/g3v/.m2/repository/org/springframework/boot/spring-boot-starter-cache/2.5.6/spring-boot-starter-cache-2.5.6.jar:/home/g3v/.m2/repository/com/stoyanr/evictor/1.0.0/evictor-1.0.0.jar:/home/g3v/.m2/repository/org/glassfish/jaxb/jaxb-runtime/2.3.5/jaxb-runtime-2.3.5.jar:/home/g3v/.m2/repository/org/glassfish/jaxb/txw2/2.3.5/txw2-2.3.5.jar:/home/g3v/.m2/repository/com/sun/istack/istack-commons-runtime/3.0.12/istack-commons-runtime-3.0.12.jar:/home/g3v/.m2/repository/com/sun/activation/jakarta.activation/1.2.2/jakarta.activation-1.2.2.jar:/home/g3v/.m2/repository/org/springframework/cloud/spring-cloud-starter-sleuth/3.0.4/spring-cloud-starter-sleuth-3.0.4.jar:/home/g3v/.m2/repository/org/springframework/cloud/spring-cloud-sleuth-autoconfigure/3.0.4/spring-cloud-sleuth-autoconfigure-3.0.4.jar:/home/g3v/.m2/repository/org/springframework/cloud/spring-cloud-sleuth-instrumentation/3.0.4/spring-cloud-sleuth-instrumentation-3.0.4.jar:/home/g3v/.m2/repository/org/springframework/cloud/spring-cloud-sleuth-api/3.0.4/spring-cloud-sleuth-api-3.0.4.jar:/home/g3v/.m2/repository/org/aspectj/aspectjrt/1.9.7/aspectjrt-1.9.7.jar:/home/g3v/.m2/repository/org/springframework/cloud/spring-cloud-sleuth-brave/3.0.4/spring-cloud-sleuth-brave-3.0.4.jar:/home/g3v/.m2/repository/io/zipkin/brave/brave/5.13.2/brave-5.13.2.jar:/home/g3v/.m2/repository/io/zipkin/brave/brave-context-slf4j/5.13.2/brave-context-slf4j-5.13.2.jar:/home/g3v/.m2/repository/io/zipkin/brave/brave-instrumentation-messaging/5.13.2/brave-instrumentation-messaging-5.13.2.jar:/home/g3v/.m2/repository/io/zipkin/brave/brave-instrumentation-rpc/5.13.2/brave-instrumentation-rpc-5.13.2.jar:/home/g3v/.m2/repository/io/zipkin/brave/brave-instrumentation-spring-rabbit/5.13.2/brave-instrumentation-spring-rabbit-5.13.2.jar:/home/g3v/.m2/repository/io/zipkin/brave/brave-instrumentation-kafka-clients/5.13.2/brave-instrumentation-kafka-clients-5.13.2.jar:/home/g3v/.m2/repository/io/zipkin/brave/brave-instrumentation-kafka-streams/5.13.2/brave-instrumentation-kafka-streams-5.13.2.jar:/home/g3v/.m2/repository/io/zipkin/brave/brave-instrumentation-httpclient/5.13.2/brave-instrumentation-httpclient-5.13.2.jar:/home/g3v/.m2/repository/io/zipkin/brave/brave-instrumentation-http/5.13.2/brave-instrumentation-http-5.13.2.jar:/home/g3v/.m2/repository/io/zipkin/brave/brave-instrumentation-httpasyncclient/5.13.2/brave-instrumentation-httpasyncclient-5.13.2.jar:/home/g3v/.m2/repository/io/zipkin/brave/brave-instrumentation-jms/5.13.2/brave-instrumentation-jms-5.13.2.jar:/home/g3v/.m2/repository/io/zipkin/brave/brave-instrumentation-mongodb/5.13.2/brave-instrumentation-mongodb-5.13.2.jar:/home/g3v/.m2/repository/io/zipkin/aws/brave-propagation-aws/0.21.3/brave-propagation-aws-0.21.3.jar:/home/g3v/.m2/repository/io/zipkin/reporter2/zipkin-reporter-metrics-micrometer/2.16.1/zipkin-reporter-metrics-micrometer-2.16.1.jar:/home/g3v/.m2/repository/io/zipkin/reporter2/zipkin-reporter/2.16.1/zipkin-reporter-2.16.1.jar:/home/g3v/.m2/repository/io/zipkin/zipkin2/zipkin/2.23.0/zipkin-2.23.0.jar:/home/g3v/.m2/repository/org/springframework/boot/spring-boot-starter-web/2.5.6/spring-boot-starter-web-2.5.6.jar:/home/g3v/.m2/repository/org/springframework/boot/spring-boot-starter-json/2.5.6/spring-boot-starter-json-2.5.6.jar:/home/g3v/.m2/repository/com/fasterxml/jackson/core/jackson-databind/2.12.5/jackson-databind-2.12.5.jar:/home/g3v/.m2/repository/com/fasterxml/jackson/datatype/jackson-datatype-jdk8/2.12.5/jackson-datatype-jdk8-2.12.5.jar:/home/g3v/.m2/repository/com/fasterxml/jackson/datatype/jackson-datatype-jsr310/2.12.5/jackson-datatype-jsr310-2.12.5.jar:/home/g3v/.m2/repository/com/fasterxml/jackson/module/jackson-module-parameter-names/2.12.5/jackson-module-parameter-names-2.12.5.jar:/home/g3v/.m2/repository/org/springframework/boot/spring-boot-starter-tomcat/2.5.6/spring-boot-starter-tomcat-2.5.6.jar:/home/g3v/.m2/repository/org/apache/tomcat/embed/tomcat-embed-core/9.0.54/tomcat-embed-core-9.0.54.jar:/home/g3v/.m2/repository/org/apache/tomcat/embed/tomcat-embed-websocket/9.0.54/tomcat-embed-websocket-9.0.54.jar:/home/g3v/.m2/repository/org/springframework/spring-web/5.3.12/spring-web-5.3.12.jar:/home/g3v/.m2/repository/org/springframework/spring-webmvc/5.3.12/spring-webmvc-5.3.12.jar:/home/g3v/.m2/repository/org/springframework/spring-expression/5.3.12/spring-expression-5.3.12.jar:"/>
    <property name="sun.cpu.endian" value="little"/>
    <property name="user.home" value="/home/g3v"/>
    <property name="user.language" value="en"/>
    <property name="java.specification.vendor" value="Oracle Corporation"/>
    <property name="java.version.date" value="2021-01-19"/>
    <property name="java.home" value="/home/g3v/Installed/sts-4.10.0.RELEASE/plugins/org.eclipse.justj.openjdk.hotspot.jre.full.linux.x86_64_15.0.2.v20210201-0955/jre"/>
    <property name="file.separator" value="/"/>
    <property name="style.color" value="always"/>
    <property name="basedir" value="/home/g3v/Documents/Enastic/Admin"/>
    <property name="java.vm.compressedOopsMode" value="32-bit"/>
    <property name="line.separator" value="&#10;"/>
    <property name="java.vm.specification.vendor" value="Oracle Corporation"/>
    <property name="java.specification.name" value="Java Platform API Specification"/>
    <property name="surefire.real.class.path" value="/home/g3v/Documents/Enastic/Admin/target/surefire/surefirebooter16696114088306573654.jar"/>
    <property name="sun.management.compiler" value="HotSpot 64-Bit Tiered Compilers"/>
    <property name="java.runtime.version" value="15.0.2+7-27"/>
    <property name="user.name" value="g3v"/>
    <property name="path.separator" value=":"/>
    <property name="os.version" value="5.8.0-63-generic"/>
    <property name="java.runtime.name" value="OpenJDK Runtime Environment"/>
    <property name="file.encoding" value="UTF-8"/>
    <property name="java.vm.name" value="OpenJDK 64-Bit Server VM"/>
    <property name="localRepository" value="/home/g3v/.m2/repository"/>
    <property name="java.vendor.url.bug" value="https://bugreport.java.com/bugreport/"/>
    <property name="java.io.tmpdir" value="/tmp"/>
    <property name="java.version" value="15.0.2"/>
    <property name="user.dir" value="/home/g3v/Documents/Enastic/Admin"/>
    <property name="os.arch" value="amd64"/>
    <property name="java.vm.specification.name" value="Java Virtual Machine Specification"/>
    <property name="java.library.path" value="/usr/java/packages/lib:/usr/lib64:/lib64:/lib:/usr/lib"/>
    <property name="java.vm.info" value="mixed mode"/>
    <property name="java.vendor" value="Oracle Corporation"/>
    <property name="java.vm.version" value="15.0.2+7-27"/>
    <property name="sun.io.unicode.encoding" value="UnicodeLittle"/>
    <property name="java.class.version" value="59.0"/>
  </properties>
  <testcase name="testControllerPostAdmin" classname="com.gev.admin.AdminApplicationTest" time="0.171">
    <failure message="Status expected:&lt;201&gt; but was:&lt;400&gt;" type="java.lang.AssertionError"><![CDATA[java.lang.AssertionError: Status expected:<201> but was:<400>
	at com.gev.admin.AdminApplicationTest.testControllerPostAdmin(AdminApplicationTest.java:40)
]]></failure>
    <system-out><![CDATA[14:25:12.129 [main] DEBUG org.springframework.test.context.BootstrapUtils - Instantiating CacheAwareContextLoaderDelegate from class [org.springframework.test.context.cache.DefaultCacheAwareContextLoaderDelegate]
14:25:12.139 [main] DEBUG org.springframework.test.context.BootstrapUtils - Instantiating BootstrapContext using constructor [public org.springframework.test.context.support.DefaultBootstrapContext(java.lang.Class,org.springframework.test.context.CacheAwareContextLoaderDelegate)]
14:25:12.173 [main] DEBUG org.springframework.test.context.BootstrapUtils - Instantiating TestContextBootstrapper for test class [com.gev.admin.AdminApplicationTest] from class [org.springframework.boot.test.context.SpringBootTestContextBootstrapper]
14:25:12.182 [main] INFO org.springframework.boot.test.context.SpringBootTestContextBootstrapper - Neither @ContextConfiguration nor @ContextHierarchy found for test class [com.gev.admin.AdminApplicationTest], using SpringBootContextLoader
14:25:12.185 [main] DEBUG org.springframework.test.context.support.AbstractContextLoader - Did not detect default resource location for test class [com.gev.admin.AdminApplicationTest]: class path resource [com/gev/admin/AdminApplicationTest-context.xml] does not exist
14:25:12.186 [main] DEBUG org.springframework.test.context.support.AbstractContextLoader - Did not detect default resource location for test class [com.gev.admin.AdminApplicationTest]: class path resource [com/gev/admin/AdminApplicationTestContext.groovy] does not exist
14:25:12.187 [main] INFO org.springframework.test.context.support.AbstractContextLoader - Could not detect default resource locations for test class [com.gev.admin.AdminApplicationTest]: no resource found for suffixes {-context.xml, Context.groovy}.
14:25:12.234 [main] DEBUG org.springframework.test.context.support.ActiveProfilesUtils - Could not find an 'annotation declaring class' for annotation type [org.springframework.test.context.ActiveProfiles] and class [com.gev.admin.AdminApplicationTest]
14:25:12.346 [main] DEBUG org.springframework.boot.test.context.SpringBootTestContextBootstrapper - @TestExecutionListeners is not present for class [com.gev.admin.AdminApplicationTest]: using defaults.
14:25:12.347 [main] INFO org.springframework.boot.test.context.SpringBootTestContextBootstrapper - Loaded default TestExecutionListener class names from location [META-INF/spring.factories]: [org.springframework.boot.test.mock.mockito.MockitoTestExecutionListener, org.springframework.boot.test.mock.mockito.ResetMocksTestExecutionListener, org.springframework.boot.test.autoconfigure.restdocs.RestDocsTestExecutionListener, org.springframework.boot.test.autoconfigure.web.client.MockRestServiceServerResetTestExecutionListener, org.springframework.boot.test.autoconfigure.web.servlet.MockMvcPrintOnlyOnFailureTestExecutionListener, org.springframework.boot.test.autoconfigure.web.servlet.WebDriverTestExecutionListener, org.springframework.boot.test.autoconfigure.webservices.client.MockWebServiceServerTestExecutionListener, org.springframework.test.context.web.ServletTestExecutionListener, org.springframework.test.context.support.DirtiesContextBeforeModesTestExecutionListener, org.springframework.test.context.event.ApplicationEventsTestExecutionListener, org.springframework.test.context.support.DependencyInjectionTestExecutionListener, org.springframework.test.context.support.DirtiesContextTestExecutionListener, org.springframework.test.context.transaction.TransactionalTestExecutionListener, org.springframework.test.context.jdbc.SqlScriptsTestExecutionListener, org.springframework.test.context.event.EventPublishingTestExecutionListener]
14:25:12.360 [main] INFO org.springframework.boot.test.context.SpringBootTestContextBootstrapper - Using TestExecutionListeners: [org.springframework.test.context.web.ServletTestExecutionListener@3b7ff809, org.springframework.test.context.support.DirtiesContextBeforeModesTestExecutionListener@1bb564e2, org.springframework.test.context.event.ApplicationEventsTestExecutionListener@62e6b5c8, org.springframework.boot.test.mock.mockito.MockitoTestExecutionListener@3f792b9b, org.springframework.boot.test.autoconfigure.SpringBootDependencyInjectionTestExecutionListener@7b8233cd, org.springframework.test.context.support.DirtiesContextTestExecutionListener@4b20ca2b, org.springframework.test.context.transaction.TransactionalTestExecutionListener@1cbf6e72, org.springframework.test.context.jdbc.SqlScriptsTestExecutionListener@6aecbb8d, org.springframework.test.context.event.EventPublishingTestExecutionListener@1af146, org.springframework.boot.test.mock.mockito.ResetMocksTestExecutionListener@4da602fc, org.springframework.boot.test.autoconfigure.restdocs.RestDocsTestExecutionListener@2a8d39c4, org.springframework.boot.test.autoconfigure.web.client.MockRestServiceServerResetTestExecutionListener@25b2cfcb, org.springframework.boot.test.autoconfigure.web.servlet.MockMvcPrintOnlyOnFailureTestExecutionListener@72758afa, org.springframework.boot.test.autoconfigure.web.servlet.WebDriverTestExecutionListener@fb9c7aa, org.springframework.boot.test.autoconfigure.webservices.client.MockWebServiceServerTestExecutionListener@4c398c80]
14:25:12.364 [main] DEBUG org.springframework.test.context.support.AbstractDirtiesContextTestExecutionListener - Before test class: context [DefaultTestContext@26425897 testClass = AdminApplicationTest, testInstance = [null], testMethod = [null], testException = [null], mergedContextConfiguration = [WebMergedContextConfiguration@73163d48 testClass = AdminApplicationTest, locations = '{}', classes = '{class com.gev.admin.AdminApplication}', contextInitializerClasses = '[]', activeProfiles = '{}', propertySourceLocations = '{}', propertySourceProperties = '{org.springframework.boot.test.context.SpringBootTestContextBootstrapper=true}', contextCustomizers = set[[ImportsContextCustomizer@58c34bb3 key = [org.springframework.boot.test.autoconfigure.web.servlet.MockMvcAutoConfiguration, org.springframework.boot.test.autoconfigure.web.servlet.MockMvcWebClientAutoConfiguration, org.springframework.boot.test.autoconfigure.web.servlet.MockMvcWebDriverAutoConfiguration, org.springframework.boot.autoconfigure.security.oauth2.client.servlet.OAuth2ClientAutoConfiguration, org.springframework.boot.autoconfigure.security.oauth2.resource.servlet.OAuth2ResourceServerAutoConfiguration, org.springframework.boot.autoconfigure.security.servlet.SecurityAutoConfiguration, org.springframework.boot.autoconfigure.security.servlet.SecurityFilterAutoConfiguration, org.springframework.boot.autoconfigure.security.servlet.UserDetailsServiceAutoConfiguration, org.springframework.boot.test.autoconfigure.web.servlet.MockMvcSecurityConfiguration]], org.springframework.boot.test.context.filter.ExcludeFilterContextCustomizer@2931522b, org.springframework.boot.test.json.DuplicateJsonObjectContextCustomizerFactory$DuplicateJsonObjectContextCustomizer@662706a7, org.springframework.boot.test.mock.mockito.MockitoContextCustomizer@0, org.springframework.boot.test.web.client.TestRestTemplateContextCustomizer@6676f6a0, org.springframework.boot.test.autoconfigure.actuate.metrics.MetricsExportContextCustomizerFactory$DisableMetricExportContextCustomizer@5e3d57c7, org.springframework.boot.test.autoconfigure.properties.PropertyMappingContextCustomizer@4b3fa0b3, org.springframework.boot.test.autoconfigure.web.servlet.WebDriverContextCustomizerFactory$Customizer@176b75f7, org.springframework.boot.test.context.SpringBootTestArgs@1, org.springframework.boot.test.context.SpringBootTestWebEnvironment@7193666c], resourceBasePath = 'src/main/webapp', contextLoader = 'org.springframework.boot.test.context.SpringBootContextLoader', parent = [null]], attributes = map['org.springframework.test.context.web.ServletTestExecutionListener.activateListener' -> true]], class annotated with @DirtiesContext [false] with mode [null].
14:25:12.397 [main] DEBUG org.springframework.test.context.support.TestPropertySourceUtils - Adding inlined properties to environment: {spring.jmx.enabled=false, org.springframework.boot.test.context.SpringBootTestContextBootstrapper=true}

  .   ____          _            __ _ _
 /\\ / ___'_ __ _ _(_)_ __  __ _ \ \ \ \
( ( )\___ | '_ | '_| | '_ \/ _` | \ \ \ \
 \\/  ___)| |_)| | | | | || (_| |  ) ) ) )
  '  |____| .__|_| |_|_| |_\__, | / / / /
 =========|_|==============|___/=/_/_/_/
 :: Spring Boot ::                (v2.5.6)

2021-11-05 14:25:13.106  INFO [admin-microservice,,] 11390 --- [           main] com.gev.admin.AdminApplicationTest       : Starting AdminApplicationTest using Java 15.0.2 on g3v-ThinkPad-T480 with PID 11390 (started by g3v in /home/g3v/Documents/Enastic/Admin)
2021-11-05 14:25:13.108  INFO [admin-microservice,,] 11390 --- [           main] com.gev.admin.AdminApplicationTest       : No active profile set, falling back to default profiles: default
2021-11-05 14:25:20.676  INFO [admin-microservice,,] 11390 --- [           main] com.gev.admin.AdminApplicationTest       : Started AdminApplicationTest in 8.274 seconds (JVM running for 9.157)

MockHttpServletRequest:
      HTTP Method = POST
      Request URI = /admin/save
       Parameters = {id_admin=[1], firstname=[Yanon], lastname=[Dari], login=[yanon], password=[yanon]}
          Headers = []
             Body = null
    Session Attrs = {}

Handler:
             Type = com.gev.admin.controllers.AdminController
           Method = com.gev.admin.controllers.AdminController#saveAdmin(Admin)

Async:
    Async started = false
     Async result = null

Resolved Exception:
             Type = org.springframework.http.converter.HttpMessageNotReadableException

ModelAndView:
        View name = null
             View = null
            Model = null

FlashMap:
       Attributes = null

MockHttpServletResponse:
           Status = 400
    Error message = null
          Headers = []
     Content type = null
             Body = 
    Forwarded URL = null
   Redirected URL = null
          Cookies = []
]]></system-out>
  </testcase>
  <testcase name="testControllerGetAllAdmin" classname="com.gev.admin.AdminApplicationTest" time="0.139"/>
  <testcase name="testControllerGetAdminById" classname="com.gev.admin.AdminApplicationTest" time="0.021"/>
  <testcase name="testControllerUpdateAdmin" classname="com.gev.admin.AdminApplicationTest" time="0.007">
    <failure message="Status expected:&lt;200&gt; but was:&lt;400&gt;" type="java.lang.AssertionError"><![CDATA[java.lang.AssertionError: Status expected:<200> but was:<400>
	at com.gev.admin.AdminApplicationTest.testControllerUpdateAdmin(AdminApplicationTest.java:50)
]]></failure>
    <system-out><![CDATA[
MockHttpServletRequest:
      HTTP Method = PUT
      Request URI = /admin/update
       Parameters = {}
          Headers = []
             Body = null
    Session Attrs = {}

Handler:
             Type = com.gev.admin.controllers.AdminController
           Method = com.gev.admin.controllers.AdminController#updateAdmin(Admin)

Async:
    Async started = false
     Async result = null

Resolved Exception:
             Type = org.springframework.http.converter.HttpMessageNotReadableException

ModelAndView:
        View name = null
             View = null
            Model = null

FlashMap:
       Attributes = null

MockHttpServletResponse:
           Status = 400
    Error message = null
          Headers = []
     Content type = null
             Body = 
    Forwarded URL = null
   Redirected URL = null
          Cookies = []
]]></system-out>
  </testcase>
</testsuite>